Arguments: 
  C:\Program Files\nodejs\node.exe C:\Program Files (x86)\Yarn\bin\yarn.js test

PATH: 
  C:\Users\kyler\bin;C:\Program Files\Git\mingw64\bin;C:\Program Files\Git\usr\local\bin;C:\Program Files\Git\usr\bin;C:\Program Files\Git\usr\bin;C:\Program Files\Git\mingw64\bin;C:\Program Files\Git\usr\bin;C:\Users\kyler\bin;C:\Program Files (x86)\Razer Chroma SDK\bin;C:\Program Files\Razer Chroma SDK\bin;C:\Program Files (x86)\Intel\iCLS Client;C:\Program Files\Intel\iCLS Client;C:\Windows\system32;C:\Windows;C:\Windows\System32\Wbem;C:\Windows\System32\WindowsPowerShell\v1.0;C:\Program Files (x86)\NVIDIA Corporation\PhysX\Common;C:\Program Files (x86)\Intel\Intel(R) Management Engine Components\DAL;C:\Program Files\Intel\Intel(R) Management Engine Components\DAL;C:\Program Files (x86)\Intel\Intel(R) Management Engine Components\IPT;C:\Program Files\Intel\Intel(R) Management Engine Components\IPT;C:\Program Files\Intel\WiFi\bin;C:\Program Files\Common Files\Intel\WirelessCommon;C:\Program Files\Git\cmd;C:\Program Files\nodejs;C:\WINDOWS\system32;C:\WINDOWS;C:\WINDOWS\System32\Wbem;C:\WINDOWS\System32\WindowsPowerShell\v1.0;C:\Users\kyler\AppData\Local\Microsoft\WindowsApps;C:\Users\kyler\AppData\Roaming\npm;C:\Program Files\Microsoft VS Code\bin;C:\Program Files (x86)\Yarn\bin;C:\Users\kyler\AppData\Local\Microsoft\WindowsApps;C:\Users\kyler\AppData\Roaming\npm;C:\Program Files\Microsoft VS Code\bin;C:\Users\kyler\AppData\Local\Yarn\bin;C:\Program Files\Git\usr\bin\vendor_perl;C:\Program Files\Git\usr\bin\core_perl

Yarn version: 
  1.5.1

Node version: 
  8.9.4

Platform: 
  win32 x64

npm manifest: 
  {
    "name": "javascript-ii",
    "version": "1.0.0",
    "description": "JavaScript II",
    "main": "index.js",
    "scripts": {
      "test": "eslint tests/*.test.js && eslint src/*.js && jest --verbose",
      "test:watch": "npm test -- --watch"
    },
    "author": "Ben Nelson",
    "license": "ISC",
    "repository": {
      "type": "git",
      "url": "git+https://github.com/LambdaSchool/javascript-ii.git"
    },
    "devDependencies": {
      "babel-jest": "^19.0.0",
      "eslint": "^3.17.1",
      "eslint-config-airbnb-base": "^11.1.3",
      "eslint-plugin-import": "^2.2.0",
      "jest": "^19.0.2",
      "regenerator-runtime": "^0.10.3"
    },
    "dependencies": {
      "babel-preset-es2015": "^6.24.0",
      "eslint-config-airbnb": "^14.1.0",
      "eslint-plugin-jsx-a11y": "^3.0.2 || ^4.0.0",
      "eslint-plugin-react": "6.9.0"
    }
  }

yarn manifest: 
  No manifest

Lockfile: 
  No lockfile

Trace: 
  Error: Command failed.
  Exit code: 1
  Command: C:\WINDOWS\system32\cmd.exe
  Arguments: /d /s /c eslint tests/*.test.js && eslint src/*.js && jest --verbose
  Directory: C:\Users\kyler\LambdaSchoolPrecourse\JavaScript-II
  Output:
  
      at ProcessTermError.MessageError (C:\Program Files (x86)\Yarn\lib\cli.js:186:110)
      at new ProcessTermError (C:\Program Files (x86)\Yarn\lib\cli.js:226:113)
      at ChildProcess.<anonymous> (C:\Program Files (x86)\Yarn\lib\cli.js:30281:17)
      at emitTwo (events.js:126:13)
      at ChildProcess.emit (events.js:214:7)
      at maybeClose (internal/child_process.js:925:16)
      at Process.ChildProcess._handle.onexit (internal/child_process.js:209:5)
